This file contains any messages produced by compilers while
running configure, to aid debugging if configure makes a mistake.

It was created by minicom configure 2.6.2, which was
generated by GNU Autoconf 2.69.  Invocation command line was

  $ ./configure --no-create --no-recursion

## --------- ##
## Platform. ##
## --------- ##

hostname = firefly.moellers.local
uname -m = x86_64
uname -r = 4.4.0-161-generic
uname -s = Linux
uname -v = #189-Ubuntu SMP Tue Aug 27 08:10:16 UTC 2019

/usr/bin/uname -p = unknown
/bin/uname -X     = unknown

/bin/arch              = unknown
/usr/bin/arch -k       = unknown
/usr/convex/getsysinfo = unknown
/usr/bin/hostinfo      = unknown
/bin/machine           = unknown
/usr/bin/oslevel       = unknown
/bin/universe          = unknown

PATH: /home/josef/bin
PATH: /usr/local/sbin
PATH: /usr/local/bin
PATH: /usr/sbin
PATH: /usr/bin
PATH: /sbin
PATH: /bin
PATH: /usr/games
PATH: /usr/local/games
PATH: /snap/bin
PATH: /usr/local/m2/bin
PATH: /home/josef/m2/bin
PATH: /opt/microchip/xc16/v1.33/bin
PATH: /opt/microchip/xc16/v1.33/bin


## ----------- ##
## Core tests. ##
## ----------- ##

configure:2340: checking for a BSD-compatible install
configure:2408: result: /usr/bin/install -c
configure:2419: checking whether build environment is sane
configure:2469: result: yes
configure:2610: checking for a thread-safe mkdir -p
configure:2649: result: /bin/mkdir -p
configure:2662: checking for gawk
configure:2678: found /usr/bin/gawk
configure:2689: result: gawk
configure:2700: checking whether make sets $(MAKE)
configure:2722: result: yes
configure:2851: checking for gcc
configure:2867: found /usr/bin/gcc
configure:2878: result: gcc
configure:3107: checking for C compiler version
configure:3116: gcc --version >&5
gcc (Ubuntu 5.4.0-6ubuntu1~16.04.11) 5.4.0 20160609
Copyright (C) 2015 Free Software Foundation, Inc.
This is free software; see the source for copying conditions.  There is NO
warranty; not even for MERCHANTABILITY or FITNESS FOR A PARTICULAR PURPOSE.

configure:3127: $? = 0
configure:3116: gcc -v >&5
Using built-in specs.
COLLECT_GCC=gcc
COLLECT_LTO_WRAPPER=/usr/lib/gcc/x86_64-linux-gnu/5/lto-wrapper
Target: x86_64-linux-gnu
Configured with: ../src/configure -v --with-pkgversion='Ubuntu 5.4.0-6ubuntu1~16.04.11' --with-bugurl=file:///usr/share/doc/gcc-5/README.Bugs --enable-languages=c,ada,c++,java,go,d,fortran,objc,obj-c++ --prefix=/usr --program-suffix=-5 --enable-shared --enable-linker-build-id --libexecdir=/usr/lib --without-included-gettext --enable-threads=posix --libdir=/usr/lib --enable-nls --with-sysroot=/ --enable-clocale=gnu --enable-libstdcxx-debug --enable-libstdcxx-time=yes --with-default-libstdcxx-abi=new --enable-gnu-unique-object --disable-vtable-verify --enable-libmpx --enable-plugin --with-system-zlib --disable-browser-plugin --enable-java-awt=gtk --enable-gtk-cairo --with-java-home=/usr/lib/jvm/java-1.5.0-gcj-5-amd64/jre --enable-java-home --with-jvm-root-dir=/usr/lib/jvm/java-1.5.0-gcj-5-amd64 --with-jvm-jar-dir=/usr/lib/jvm-exports/java-1.5.0-gcj-5-amd64 --with-arch-directory=amd64 --with-ecj-jar=/usr/share/java/eclipse-ecj.jar --enable-objc-gc --enable-multiarch --disable-werror --with-arch-32=i686 --with-abi=m64 --with-multilib-list=m32,m64,mx32 --enable-multilib --with-tune=generic --enable-checking=release --build=x86_64-linux-gnu --host=x86_64-linux-gnu --target=x86_64-linux-gnu
Thread model: posix
gcc version 5.4.0 20160609 (Ubuntu 5.4.0-6ubuntu1~16.04.11) 
configure:3127: $? = 0
configure:3116: gcc -V >&5
gcc: error: unrecognized command line option '-V'
gcc: fatal error: no input files
compilation terminated.
configure:3127: $? = 1
configure:3116: gcc -qversion >&5
gcc: error: unrecognized command line option '-qversion'
gcc: fatal error: no input files
compilation terminated.
configure:3127: $? = 1
configure:3147: checking whether the C compiler works
configure:3169: gcc    conftest.c  >&5
configure:3173: $? = 0
configure:3221: result: yes
configure:3224: checking for C compiler default output file name
configure:3226: result: a.out
configure:3232: checking for suffix of executables
configure:3239: gcc -o conftest    conftest.c  >&5
configure:3243: $? = 0
configure:3265: result: 
configure:3287: checking whether we are cross compiling
configure:3295: gcc -o conftest    conftest.c  >&5
configure:3299: $? = 0
configure:3306: ./conftest
configure:3310: $? = 0
configure:3325: result: no
configure:3330: checking for suffix of object files
configure:3352: gcc -c   conftest.c >&5
configure:3356: $? = 0
configure:3377: result: o
configure:3381: checking whether we are using the GNU C compiler
configure:3400: gcc -c   conftest.c >&5
configure:3400: $? = 0
configure:3409: result: yes
configure:3418: checking whether gcc accepts -g
configure:3438: gcc -c -g  conftest.c >&5
configure:3438: $? = 0
configure:3479: result: yes
configure:3496: checking for gcc option to accept ISO C89
configure:3559: gcc  -c -g -O2  conftest.c >&5
configure:3559: $? = 0
configure:3572: result: none needed
configure:3603: checking for style of include used by make
configure:3631: result: GNU
configure:3657: checking dependency style of gcc
configure:3768: result: gcc3
configure:3790: checking how to run the C preprocessor
configure:3821: gcc -E  conftest.c
configure:3821: $? = 0
configure:3835: gcc -E  conftest.c
conftest.c:11:28: fatal error: ac_nonexistent.h: No such file or directory
compilation terminated.
configure:3835: $? = 1
configure: failed program was:
| /* confdefs.h */
| #define PACKAGE_NAME "minicom"
| #define PACKAGE_TARNAME "minicom"
| #define PACKAGE_VERSION "2.6.2"
| #define PACKAGE_STRING "minicom 2.6.2"
| #define PACKAGE_BUGREPORT "minicom-devel@lists.alioth.debian.org"
| #define PACKAGE_URL ""
| #define PACKAGE "minicom"
| #define VERSION "2.6.2"
| /* end confdefs.h.  */
| #include <ac_nonexistent.h>
configure:3860: result: gcc -E
configure:3880: gcc -E  conftest.c
configure:3880: $? = 0
configure:3894: gcc -E  conftest.c
conftest.c:11:28: fatal error: ac_nonexistent.h: No such file or directory
compilation terminated.
configure:3894: $? = 1
configure: failed program was:
| /* confdefs.h */
| #define PACKAGE_NAME "minicom"
| #define PACKAGE_TARNAME "minicom"
| #define PACKAGE_VERSION "2.6.2"
| #define PACKAGE_STRING "minicom 2.6.2"
| #define PACKAGE_BUGREPORT "minicom-devel@lists.alioth.debian.org"
| #define PACKAGE_URL ""
| #define PACKAGE "minicom"
| #define VERSION "2.6.2"
| /* end confdefs.h.  */
| #include <ac_nonexistent.h>
configure:3923: checking for grep that handles long lines and -e
configure:3981: result: /bin/grep
configure:3986: checking for egrep
configure:4048: result: /bin/grep -E
configure:4053: checking for ANSI C header files
configure:4073: gcc -c -g -O2  conftest.c >&5
configure:4073: $? = 0
configure:4146: gcc -o conftest -g -O2   conftest.c  >&5
configure:4146: $? = 0
configure:4146: ./conftest
configure:4146: $? = 0
configure:4157: result: yes
configure:4170: checking for sys/types.h
configure:4170: gcc -c -g -O2  conftest.c >&5
configure:4170: $? = 0
configure:4170: result: yes
configure:4170: checking for sys/stat.h
configure:4170: gcc -c -g -O2  conftest.c >&5
configure:4170: $? = 0
configure:4170: result: yes
configure:4170: checking for stdlib.h
configure:4170: gcc -c -g -O2  conftest.c >&5
configure:4170: $? = 0
configure:4170: result: yes
configure:4170: checking for string.h
configure:4170: gcc -c -g -O2  conftest.c >&5
configure:4170: $? = 0
configure:4170: result: yes
configure:4170: checking for memory.h
configure:4170: gcc -c -g -O2  conftest.c >&5
configure:4170: $? = 0
configure:4170: result: yes
configure:4170: checking for strings.h
configure:4170: gcc -c -g -O2  conftest.c >&5
configure:4170: $? = 0
configure:4170: result: yes
configure:4170: checking for inttypes.h
configure:4170: gcc -c -g -O2  conftest.c >&5
configure:4170: $? = 0
configure:4170: result: yes
configure:4170: checking for stdint.h
configure:4170: gcc -c -g -O2  conftest.c >&5
configure:4170: $? = 0
configure:4170: result: yes
configure:4170: checking for unistd.h
configure:4170: gcc -c -g -O2  conftest.c >&5
configure:4170: $? = 0
configure:4170: result: yes
configure:4183: checking minix/config.h usability
configure:4183: gcc -c -g -O2  conftest.c >&5
conftest.c:54:26: fatal error: minix/config.h: No such file or directory
compilation terminated.
configure:4183: $? = 1
configure: failed program was:
| /* confdefs.h */
| #define PACKAGE_NAME "minicom"
| #define PACKAGE_TARNAME "minicom"
| #define PACKAGE_VERSION "2.6.2"
| #define PACKAGE_STRING "minicom 2.6.2"
| #define PACKAGE_BUGREPORT "minicom-devel@lists.alioth.debian.org"
| #define PACKAGE_URL ""
| #define PACKAGE "minicom"
| #define VERSION "2.6.2"
| #define STDC_HEADERS 1
| #define HAVE_SYS_TYPES_H 1
| #define HAVE_SYS_STAT_H 1
| #define HAVE_STDLIB_H 1
| #define HAVE_STRING_H 1
| #define HAVE_MEMORY_H 1
| #define HAVE_STRINGS_H 1
| #define HAVE_INTTYPES_H 1
| #define HAVE_STDINT_H 1
| #define HAVE_UNISTD_H 1
| /* end confdefs.h.  */
| #include <stdio.h>
| #ifdef HAVE_SYS_TYPES_H
| # include <sys/types.h>
| #endif
| #ifdef HAVE_SYS_STAT_H
| # include <sys/stat.h>
| #endif
| #ifdef STDC_HEADERS
| # include <stdlib.h>
| # include <stddef.h>
| #else
| # ifdef HAVE_STDLIB_H
| #  include <stdlib.h>
| # endif
| #endif
| #ifdef HAVE_STRING_H
| # if !defined STDC_HEADERS && defined HAVE_MEMORY_H
| #  include <memory.h>
| # endif
| # include <string.h>
| #endif
| #ifdef HAVE_STRINGS_H
| # include <strings.h>
| #endif
| #ifdef HAVE_INTTYPES_H
| # include <inttypes.h>
| #endif
| #ifdef HAVE_STDINT_H
| # include <stdint.h>
| #endif
| #ifdef HAVE_UNISTD_H
| # include <unistd.h>
| #endif
| #include <minix/config.h>
configure:4183: result: no
configure:4183: checking minix/config.h presence
configure:4183: gcc -E  conftest.c
conftest.c:21:26: fatal error: minix/config.h: No such file or directory
compilation terminated.
configure:4183: $? = 1
configure: failed program was:
| /* confdefs.h */
| #define PACKAGE_NAME "minicom"
| #define PACKAGE_TARNAME "minicom"
| #define PACKAGE_VERSION "2.6.2"
| #define PACKAGE_STRING "minicom 2.6.2"
| #define PACKAGE_BUGREPORT "minicom-devel@lists.alioth.debian.org"
| #define PACKAGE_URL ""
| #define PACKAGE "minicom"
| #define VERSION "2.6.2"
| #define STDC_HEADERS 1
| #define HAVE_SYS_TYPES_H 1
| #define HAVE_SYS_STAT_H 1
| #define HAVE_STDLIB_H 1
| #define HAVE_STRING_H 1
| #define HAVE_MEMORY_H 1
| #define HAVE_STRINGS_H 1
| #define HAVE_INTTYPES_H 1
| #define HAVE_STDINT_H 1
| #define HAVE_UNISTD_H 1
| /* end confdefs.h.  */
| #include <minix/config.h>
configure:4183: result: no
configure:4183: checking for minix/config.h
configure:4183: result: no
configure:4204: checking whether it is safe to define __EXTENSIONS__
configure:4222: gcc -c -g -O2  conftest.c >&5
configure:4222: $? = 0
configure:4229: result: yes
configure:4290: checking for ranlib
configure:4306: found /usr/bin/ranlib
configure:4317: result: ranlib
configure:4340: checking for library containing strerror
configure:4371: gcc -o conftest -g -O2   conftest.c  >&5
configure:4371: $? = 0
configure:4388: result: none required
configure:4400: checking build system type
configure:4414: result: x86_64-unknown-linux-gnu
configure:4434: checking host system type
configure:4447: result: x86_64-unknown-linux-gnu
configure:4508: checking for ld used by gcc
configure:4575: result: /usr/bin/ld
configure:4582: checking if the linker (/usr/bin/ld) is GNU ld
configure:4597: result: yes
configure:4604: checking for shared library run path origin
configure:4617: result: done
configure:5194: checking for iconv
configure:5218: gcc -o conftest -g -O2   conftest.c  >&5
configure:5218: $? = 0
configure:5252: result: yes
configure:5255: checking for working iconv
configure:5375: gcc -o conftest -g -O2   conftest.c  >&5
configure:5375: $? = 0
configure:5375: ./conftest
configure:5375: $? = 0
configure:5387: result: yes
configure:5495: checking for pkg-config
configure:5513: found /usr/bin/pkg-config
configure:5525: result: /usr/bin/pkg-config
configure:5550: checking pkg-config is at least version 0.9.0
configure:5553: result: yes
configure:5564: checking for LOCKDEV
configure:5571: $PKG_CONFIG --exists --print-errors "lockdev"
Package lockdev was not found in the pkg-config search path.
Perhaps you should add the directory containing `lockdev.pc'
to the PKG_CONFIG_PATH environment variable
No package 'lockdev' found
configure:5574: $? = 1
configure:5588: $PKG_CONFIG --exists --print-errors "lockdev"
Package lockdev was not found in the pkg-config search path.
Perhaps you should add the directory containing `lockdev.pc'
to the PKG_CONFIG_PATH environment variable
No package 'lockdev' found
configure:5591: $? = 1
configure:5605: result: no
No package 'lockdev' found
configure:5726: checking whether NLS is requested
configure:5735: result: yes
configure:5775: checking for msgfmt
configure: trying /usr/bin/msgfmt...
0 translated messages.
configure:5807: result: /usr/bin/msgfmt
configure:5816: checking for gmsgfmt
configure:5847: result: /usr/bin/msgfmt
configure:5897: checking for xgettext
configure: trying /usr/bin/xgettext...
/usr/bin/xgettext: warning: file '/dev/null' extension '' is unknown; will try C
configure:5929: result: /usr/bin/xgettext
configure:5974: checking for msgmerge
configure: trying /usr/bin/msgmerge...
configure:6005: result: /usr/bin/msgmerge
configure:6046: checking for CFPreferencesCopyAppValue
configure:6064: gcc -o conftest -g -O2   conftest.c  -Wl,-framework -Wl,CoreFoundation >&5
conftest.c:28:42: fatal error: CoreFoundation/CFPreferences.h: No such file or directory
compilation terminated.
configure:6064: $? = 1
configure: failed program was:
| /* confdefs.h */
| #define PACKAGE_NAME "minicom"
| #define PACKAGE_TARNAME "minicom"
| #define PACKAGE_VERSION "2.6.2"
| #define PACKAGE_STRING "minicom 2.6.2"
| #define PACKAGE_BUGREPORT "minicom-devel@lists.alioth.debian.org"
| #define PACKAGE_URL ""
| #define PACKAGE "minicom"
| #define VERSION "2.6.2"
| #define STDC_HEADERS 1
| #define HAVE_SYS_TYPES_H 1
| #define HAVE_SYS_STAT_H 1
| #define HAVE_STDLIB_H 1
| #define HAVE_STRING_H 1
| #define HAVE_MEMORY_H 1
| #define HAVE_STRINGS_H 1
| #define HAVE_INTTYPES_H 1
| #define HAVE_STDINT_H 1
| #define HAVE_UNISTD_H 1
| #define __EXTENSIONS__ 1
| #define _ALL_SOURCE 1
| #define _GNU_SOURCE 1
| #define _POSIX_PTHREAD_SEMANTICS 1
| #define _TANDEM_SOURCE 1
| #define HAVE_ICONV 1
| #define USE_SOCKET 1
| /* end confdefs.h.  */
| #include <CoreFoundation/CFPreferences.h>
| int
| main ()
| {
| CFPreferencesCopyAppValue(NULL, NULL)
|   ;
|   return 0;
| }
configure:6073: result: no
configure:6080: checking for CFLocaleCopyCurrent
configure:6098: gcc -o conftest -g -O2   conftest.c  -Wl,-framework -Wl,CoreFoundation >&5
conftest.c:28:37: fatal error: CoreFoundation/CFLocale.h: No such file or directory
compilation terminated.
configure:6098: $? = 1
configure: failed program was:
| /* confdefs.h */
| #define PACKAGE_NAME "minicom"
| #define PACKAGE_TARNAME "minicom"
| #define PACKAGE_VERSION "2.6.2"
| #define PACKAGE_STRING "minicom 2.6.2"
| #define PACKAGE_BUGREPORT "minicom-devel@lists.alioth.debian.org"
| #define PACKAGE_URL ""
| #define PACKAGE "minicom"
| #define VERSION "2.6.2"
| #define STDC_HEADERS 1
| #define HAVE_SYS_TYPES_H 1
| #define HAVE_SYS_STAT_H 1
| #define HAVE_STDLIB_H 1
| #define HAVE_STRING_H 1
| #define HAVE_MEMORY_H 1
| #define HAVE_STRINGS_H 1
| #define HAVE_INTTYPES_H 1
| #define HAVE_STDINT_H 1
| #define HAVE_UNISTD_H 1
| #define __EXTENSIONS__ 1
| #define _ALL_SOURCE 1
| #define _GNU_SOURCE 1
| #define _POSIX_PTHREAD_SEMANTICS 1
| #define _TANDEM_SOURCE 1
| #define HAVE_ICONV 1
| #define USE_SOCKET 1
| /* end confdefs.h.  */
| #include <CoreFoundation/CFLocale.h>
| int
| main ()
| {
| CFLocaleCopyCurrent();
|   ;
|   return 0;
| }
configure:6107: result: no
configure:6156: checking for GNU gettext in libc
configure:6180: gcc -o conftest -g -O2   conftest.c  >&5
configure:6180: $? = 0
configure:6189: result: yes
configure:7017: checking whether to use NLS
configure:7019: result: yes
configure:7022: checking where the gettext function comes from
configure:7033: result: libc
configure:7097: checking for kermit
configure:7116: found /usr/bin/kermit
configure:7129: result: /usr/bin/kermit
configure:7162: checking for tputs in -ltinfo
configure:7187: gcc -o conftest -g -O2   conftest.c -ltinfo   >&5
configure:7187: $? = 0
configure:7197: result: yes
configure:7224: checking termcap.h usability
configure:7224: gcc -c -g -O2  conftest.c >&5
configure:7224: $? = 0
configure:7224: result: yes
configure:7224: checking termcap.h presence
configure:7224: gcc -E  conftest.c
configure:7224: $? = 0
configure:7224: result: yes
configure:7224: checking for termcap.h
configure:7224: result: yes
configure:7236: checking for socket in -lsocket
configure:7261: gcc -o conftest -g -O2   conftest.c -lsocket    -ltinfo >&5
/usr/bin/ld: cannot find -lsocket
collect2: error: ld returned 1 exit status
configure:7261: $? = 1
configure: failed program was:
| /* confdefs.h */
| #define PACKAGE_NAME "minicom"
| #define PACKAGE_TARNAME "minicom"
| #define PACKAGE_VERSION "2.6.2"
| #define PACKAGE_STRING "minicom 2.6.2"
| #define PACKAGE_BUGREPORT "minicom-devel@lists.alioth.debian.org"
| #define PACKAGE_URL ""
| #define PACKAGE "minicom"
| #define VERSION "2.6.2"
| #define STDC_HEADERS 1
| #define HAVE_SYS_TYPES_H 1
| #define HAVE_SYS_STAT_H 1
| #define HAVE_STDLIB_H 1
| #define HAVE_STRING_H 1
| #define HAVE_MEMORY_H 1
| #define HAVE_STRINGS_H 1
| #define HAVE_INTTYPES_H 1
| #define HAVE_STDINT_H 1
| #define HAVE_UNISTD_H 1
| #define __EXTENSIONS__ 1
| #define _ALL_SOURCE 1
| #define _GNU_SOURCE 1
| #define _POSIX_PTHREAD_SEMANTICS 1
| #define _TANDEM_SOURCE 1
| #define HAVE_ICONV 1
| #define USE_SOCKET 1
| #define ENABLE_NLS 1
| #define HAVE_GETTEXT 1
| #define HAVE_DCGETTEXT 1
| #define KERMIT "/usr/bin/kermit -l %l -b %b"
| #define HAVE_TERMCAP_H 1
| /* end confdefs.h.  */
| 
| /* Override any GCC internal prototype to avoid an error.
|    Use char because int might match the return type of a GCC
|    builtin and then its argument prototype would still apply.  */
| #ifdef __cplusplus
| extern "C"
| #endif
| char socket ();
| int
| main ()
| {
| return socket ();
|   ;
|   return 0;
| }
configure:7270: result: no
configure:7285: checking for dirent.h that defines DIR
configure:7304: gcc -c -g -O2  conftest.c >&5
configure:7304: $? = 0
configure:7312: result: yes
configure:7325: checking for library containing opendir
configure:7356: gcc -o conftest -g -O2   conftest.c   -ltinfo >&5
configure:7356: $? = 0
configure:7373: result: none required
configure:7440: checking for ANSI C header files
configure:7544: result: yes
configure:7552: checking for sys/wait.h that is POSIX.1 compatible
configure:7578: gcc -c -g -O2  conftest.c >&5
configure:7578: $? = 0
configure:7585: result: yes
configure:7593: checking whether stat file-mode macros are broken
configure:7620: gcc -c -g -O2  conftest.c >&5
configure:7620: $? = 0
configure:7627: result: no
configure:7635: checking whether time.h and sys/time.h may both be included
configure:7655: gcc -c -g -O2  conftest.c >&5
configure:7655: $? = 0
configure:7662: result: yes
configure:7671: checking POSIX termios
configure:7691: gcc -o conftest -g -O2   conftest.c   -ltinfo >&5
configure:7691: $? = 0
configure:7699: result: yes
configure:7702: checking whether termios.h defines TIOCGWINSZ
configure:7725: result: no
configure:7729: checking whether sys/ioctl.h defines TIOCGWINSZ
configure:7752: result: yes
configure:7774: checking stdarg.h usability
configure:7774: gcc -c -g -O2  conftest.c >&5
configure:7774: $? = 0
configure:7774: result: yes
configure:7774: checking stdarg.h presence
configure:7774: gcc -E  conftest.c
configure:7774: $? = 0
configure:7774: result: yes
configure:7774: checking for stdarg.h
configure:7774: result: yes
configure:7774: checking varargs.h usability
configure:7774: gcc -c -g -O2  conftest.c >&5
In file included from conftest.c:73:0:
/usr/lib/gcc/x86_64-linux-gnu/5/include/varargs.h:4:2: error: #error "GCC no longer implements <varargs.h>."
 #error "GCC no longer implements <varargs.h>."
  ^
/usr/lib/gcc/x86_64-linux-gnu/5/include/varargs.h:5:2: error: #error "Revise your code to use <stdarg.h>."
 #error "Revise your code to use <stdarg.h>."
  ^
configure:7774: $? = 1
configure: failed program was:
| /* confdefs.h */
| #define PACKAGE_NAME "minicom"
| #define PACKAGE_TARNAME "minicom"
| #define PACKAGE_VERSION "2.6.2"
| #define PACKAGE_STRING "minicom 2.6.2"
| #define PACKAGE_BUGREPORT "minicom-devel@lists.alioth.debian.org"
| #define PACKAGE_URL ""
| #define PACKAGE "minicom"
| #define VERSION "2.6.2"
| #define STDC_HEADERS 1
| #define HAVE_SYS_TYPES_H 1
| #define HAVE_SYS_STAT_H 1
| #define HAVE_STDLIB_H 1
| #define HAVE_STRING_H 1
| #define HAVE_MEMORY_H 1
| #define HAVE_STRINGS_H 1
| #define HAVE_INTTYPES_H 1
| #define HAVE_STDINT_H 1
| #define HAVE_UNISTD_H 1
| #define __EXTENSIONS__ 1
| #define _ALL_SOURCE 1
| #define _GNU_SOURCE 1
| #define _POSIX_PTHREAD_SEMANTICS 1
| #define _TANDEM_SOURCE 1
| #define HAVE_ICONV 1
| #define USE_SOCKET 1
| #define ENABLE_NLS 1
| #define HAVE_GETTEXT 1
| #define HAVE_DCGETTEXT 1
| #define KERMIT "/usr/bin/kermit -l %l -b %b"
| #define HAVE_TERMCAP_H 1
| #define HAVE_DIRENT_H 1
| #define STDC_HEADERS 1
| #define HAVE_SYS_WAIT_H 1
| #define TIME_WITH_SYS_TIME 1
| #define GWINSZ_IN_SYS_IOCTL 1
| #define POSIX_TERMIOS 1
| #define HAVE_STDARG_H 1
| /* end confdefs.h.  */
| #include <stdio.h>
| #ifdef HAVE_SYS_TYPES_H
| # include <sys/types.h>
| #endif
| #ifdef HAVE_SYS_STAT_H
| # include <sys/stat.h>
| #endif
| #ifdef STDC_HEADERS
| # include <stdlib.h>
| # include <stddef.h>
| #else
| # ifdef HAVE_STDLIB_H
| #  include <stdlib.h>
| # endif
| #endif
| #ifdef HAVE_STRING_H
| # if !defined STDC_HEADERS && defined HAVE_MEMORY_H
| #  include <memory.h>
| # endif
| # include <string.h>
| #endif
| #ifdef HAVE_STRINGS_H
| # include <strings.h>
| #endif
| #ifdef HAVE_INTTYPES_H
| # include <inttypes.h>
| #endif
| #ifdef HAVE_STDINT_H
| # include <stdint.h>
| #endif
| #ifdef HAVE_UNISTD_H
| # include <unistd.h>
| #endif
| #include <varargs.h>
configure:7774: result: no
configure:7774: checking varargs.h presence
configure:7774: gcc -E  conftest.c
In file included from conftest.c:40:0:
/usr/lib/gcc/x86_64-linux-gnu/5/include/varargs.h:4:2: error: #error "GCC no longer implements <varargs.h>."
 #error "GCC no longer implements <varargs.h>."
  ^
/usr/lib/gcc/x86_64-linux-gnu/5/include/varargs.h:5:2: error: #error "Revise your code to use <stdarg.h>."
 #error "Revise your code to use <stdarg.h>."
  ^
configure:7774: $? = 1
configure: failed program was:
| /* confdefs.h */
| #define PACKAGE_NAME "minicom"
| #define PACKAGE_TARNAME "minicom"
| #define PACKAGE_VERSION "2.6.2"
| #define PACKAGE_STRING "minicom 2.6.2"
| #define PACKAGE_BUGREPORT "minicom-devel@lists.alioth.debian.org"
| #define PACKAGE_URL ""
| #define PACKAGE "minicom"
| #define VERSION "2.6.2"
| #define STDC_HEADERS 1
| #define HAVE_SYS_TYPES_H 1
| #define HAVE_SYS_STAT_H 1
| #define HAVE_STDLIB_H 1
| #define HAVE_STRING_H 1
| #define HAVE_MEMORY_H 1
| #define HAVE_STRINGS_H 1
| #define HAVE_INTTYPES_H 1
| #define HAVE_STDINT_H 1
| #define HAVE_UNISTD_H 1
| #define __EXTENSIONS__ 1
| #define _ALL_SOURCE 1
| #define _GNU_SOURCE 1
| #define _POSIX_PTHREAD_SEMANTICS 1
| #define _TANDEM_SOURCE 1
| #define HAVE_ICONV 1
| #define USE_SOCKET 1
| #define ENABLE_NLS 1
| #define HAVE_GETTEXT 1
| #define HAVE_DCGETTEXT 1
| #define KERMIT "/usr/bin/kermit -l %l -b %b"
| #define HAVE_TERMCAP_H 1
| #define HAVE_DIRENT_H 1
| #define STDC_HEADERS 1
| #define HAVE_SYS_WAIT_H 1
| #define TIME_WITH_SYS_TIME 1
| #define GWINSZ_IN_SYS_IOCTL 1
| #define POSIX_TERMIOS 1
| #define HAVE_STDARG_H 1
| /* end confdefs.h.  */
| #include <varargs.h>
configure:7774: result: no
configure:7774: checking for varargs.h
configure:7774: result: no
configure:7774: checking termio.h usability
configure:7774: gcc -c -g -O2  conftest.c >&5
configure:7774: $? = 0
configure:7774: result: yes
configure:7774: checking termio.h presence
configure:7774: gcc -E  conftest.c
configure:7774: $? = 0
configure:7774: result: yes
configure:7774: checking for termio.h
configure:7774: result: yes
configure:7774: checking termios.h usability
configure:7774: gcc -c -g -O2  conftest.c >&5
configure:7774: $? = 0
configure:7774: result: yes
configure:7774: checking termios.h presence
configure:7774: gcc -E  conftest.c
configure:7774: $? = 0
configure:7774: result: yes
configure:7774: checking for termios.h
configure:7774: result: yes
configure:7774: checking setjmp.h usability
configure:7774: gcc -c -g -O2  conftest.c >&5
configure:7774: $? = 0
configure:7774: result: yes
configure:7774: checking setjmp.h presence
configure:7774: gcc -E  conftest.c
configure:7774: $? = 0
configure:7774: result: yes
configure:7774: checking for setjmp.h
configure:7774: result: yes
configure:7774: checking errno.h usability
configure:7774: gcc -c -g -O2  conftest.c >&5
configure:7774: $? = 0
configure:7774: result: yes
configure:7774: checking errno.h presence
configure:7774: gcc -E  conftest.c
configure:7774: $? = 0
configure:7774: result: yes
configure:7774: checking for errno.h
configure:7774: result: yes
configure:7774: checking pwd.h usability
configure:7774: gcc -c -g -O2  conftest.c >&5
configure:7774: $? = 0
configure:7774: result: yes
configure:7774: checking pwd.h presence
configure:7774: gcc -E  conftest.c
configure:7774: $? = 0
configure:7774: result: yes
configure:7774: checking for pwd.h
configure:7774: result: yes
configure:7774: checking signal.h usability
configure:7774: gcc -c -g -O2  conftest.c >&5
configure:7774: $? = 0
configure:7774: result: yes
configure:7774: checking signal.h presence
configure:7774: gcc -E  conftest.c
configure:7774: $? = 0
configure:7774: result: yes
configure:7774: checking for signal.h
configure:7774: result: yes
configure:7774: checking fcntl.h usability
configure:7774: gcc -c -g -O2  conftest.c >&5
configure:7774: $? = 0
configure:7774: result: yes
configure:7774: checking fcntl.h presence
configure:7774: gcc -E  conftest.c
configure:7774: $? = 0
configure:7774: result: yes
configure:7774: checking for fcntl.h
configure:7774: result: yes
configure:7774: checking sgtty.h usability
configure:7774: gcc -c -g -O2  conftest.c >&5
configure:7774: $? = 0
configure:7774: result: yes
configure:7774: checking sgtty.h presence
configure:7774: gcc -E  conftest.c
configure:7774: $? = 0
configure:7774: result: yes
configure:7774: checking for sgtty.h
configure:7774: result: yes
configure:7774: checking locale.h usability
configure:7774: gcc -c -g -O2  conftest.c >&5
configure:7774: $? = 0
configure:7774: result: yes
configure:7774: checking locale.h presence
configure:7774: gcc -E  conftest.c
configure:7774: $? = 0
configure:7774: result: yes
configure:7774: checking for locale.h
configure:7774: result: yes
configure:7774: checking for sys/stat.h
configure:7774: result: yes
configure:7774: checking sys/file.h usability
configure:7774: gcc -c -g -O2  conftest.c >&5
configure:7774: $? = 0
configure:7774: result: yes
configure:7774: checking sys/file.h presence
configure:7774: gcc -E  conftest.c
configure:7774: $? = 0
configure:7774: result: yes
configure:7774: checking for sys/file.h
configure:7774: result: yes
configure:7774: checking sys/ioctl.h usability
configure:7774: gcc -c -g -O2  conftest.c >&5
configure:7774: $? = 0
configure:7774: result: yes
configure:7774: checking sys/ioctl.h presence
configure:7774: gcc -E  conftest.c
configure:7774: $? = 0
configure:7774: result: yes
configure:7774: checking for sys/ioctl.h
configure:7774: result: yes
configure:7774: checking sys/time.h usability
configure:7774: gcc -c -g -O2  conftest.c >&5
configure:7774: $? = 0
configure:7774: result: yes
configure:7774: checking sys/time.h presence
configure:7774: gcc -E  conftest.c
configure:7774: $? = 0
configure:7774: result: yes
configure:7774: checking for sys/time.h
configure:7774: result: yes
configure:7774: checking sys/ttold.h usability
configure:7774: gcc -c -g -O2  conftest.c >&5
conftest.c:86:23: fatal error: sys/ttold.h: No such file or directory
compilation terminated.
configure:7774: $? = 1
configure: failed program was:
| /* confdefs.h */
| #define PACKAGE_NAME "minicom"
| #define PACKAGE_TARNAME "minicom"
| #define PACKAGE_VERSION "2.6.2"
| #define PACKAGE_STRING "minicom 2.6.2"
| #define PACKAGE_BUGREPORT "minicom-devel@lists.alioth.debian.org"
| #define PACKAGE_URL ""
| #define PACKAGE "minicom"
| #define VERSION "2.6.2"
| #define STDC_HEADERS 1
| #define HAVE_SYS_TYPES_H 1
| #define HAVE_SYS_STAT_H 1
| #define HAVE_STDLIB_H 1
| #define HAVE_STRING_H 1
| #define HAVE_MEMORY_H 1
| #define HAVE_STRINGS_H 1
| #define HAVE_INTTYPES_H 1
| #define HAVE_STDINT_H 1
| #define HAVE_UNISTD_H 1
| #define __EXTENSIONS__ 1
| #define _ALL_SOURCE 1
| #define _GNU_SOURCE 1
| #define _POSIX_PTHREAD_SEMANTICS 1
| #define _TANDEM_SOURCE 1
| #define HAVE_ICONV 1
| #define USE_SOCKET 1
| #define ENABLE_NLS 1
| #define HAVE_GETTEXT 1
| #define HAVE_DCGETTEXT 1
| #define KERMIT "/usr/bin/kermit -l %l -b %b"
| #define HAVE_TERMCAP_H 1
| #define HAVE_DIRENT_H 1
| #define STDC_HEADERS 1
| #define HAVE_SYS_WAIT_H 1
| #define TIME_WITH_SYS_TIME 1
| #define GWINSZ_IN_SYS_IOCTL 1
| #define POSIX_TERMIOS 1
| #define HAVE_STDARG_H 1
| #define HAVE_TERMIO_H 1
| #define HAVE_TERMIOS_H 1
| #define HAVE_SETJMP_H 1
| #define HAVE_ERRNO_H 1
| #define HAVE_PWD_H 1
| #define HAVE_SIGNAL_H 1
| #define HAVE_FCNTL_H 1
| #define HAVE_SGTTY_H 1
| #define HAVE_LOCALE_H 1
| #define HAVE_SYS_STAT_H 1
| #define HAVE_SYS_FILE_H 1
| #define HAVE_SYS_IOCTL_H 1
| #define HAVE_SYS_TIME_H 1
| /* end confdefs.h.  */
| #include <stdio.h>
| #ifdef HAVE_SYS_TYPES_H
| # include <sys/types.h>
| #endif
| #ifdef HAVE_SYS_STAT_H
| # include <sys/stat.h>
| #endif
| #ifdef STDC_HEADERS
| # include <stdlib.h>
| # include <stddef.h>
| #else
| # ifdef HAVE_STDLIB_H
| #  include <stdlib.h>
| # endif
| #endif
| #ifdef HAVE_STRING_H
| # if !defined STDC_HEADERS && defined HAVE_MEMORY_H
| #  include <memory.h>
| # endif
| # include <string.h>
| #endif
| #ifdef HAVE_STRINGS_H
| # include <strings.h>
| #endif
| #ifdef HAVE_INTTYPES_H
| # include <inttypes.h>
| #endif
| #ifdef HAVE_STDINT_H
| # include <stdint.h>
| #endif
| #ifdef HAVE_UNISTD_H
| # include <unistd.h>
| #endif
| #include <sys/ttold.h>
configure:7774: result: no
configure:7774: checking sys/ttold.h presence
configure:7774: gcc -E  conftest.c
conftest.c:53:23: fatal error: sys/ttold.h: No such file or directory
compilation terminated.
configure:7774: $? = 1
configure: failed program was:
| /* confdefs.h */
| #define PACKAGE_NAME "minicom"
| #define PACKAGE_TARNAME "minicom"
| #define PACKAGE_VERSION "2.6.2"
| #define PACKAGE_STRING "minicom 2.6.2"
| #define PACKAGE_BUGREPORT "minicom-devel@lists.alioth.debian.org"
| #define PACKAGE_URL ""
| #define PACKAGE "minicom"
| #define VERSION "2.6.2"
| #define STDC_HEADERS 1
| #define HAVE_SYS_TYPES_H 1
| #define HAVE_SYS_STAT_H 1
| #define HAVE_STDLIB_H 1
| #define HAVE_STRING_H 1
| #define HAVE_MEMORY_H 1
| #define HAVE_STRINGS_H 1
| #define HAVE_INTTYPES_H 1
| #define HAVE_STDINT_H 1
| #define HAVE_UNISTD_H 1
| #define __EXTENSIONS__ 1
| #define _ALL_SOURCE 1
| #define _GNU_SOURCE 1
| #define _POSIX_PTHREAD_SEMANTICS 1
| #define _TANDEM_SOURCE 1
| #define HAVE_ICONV 1
| #define USE_SOCKET 1
| #define ENABLE_NLS 1
| #define HAVE_GETTEXT 1
| #define HAVE_DCGETTEXT 1
| #define KERMIT "/usr/bin/kermit -l %l -b %b"
| #define HAVE_TERMCAP_H 1
| #define HAVE_DIRENT_H 1
| #define STDC_HEADERS 1
| #define HAVE_SYS_WAIT_H 1
| #define TIME_WITH_SYS_TIME 1
| #define GWINSZ_IN_SYS_IOCTL 1
| #define POSIX_TERMIOS 1
| #define HAVE_STDARG_H 1
| #define HAVE_TERMIO_H 1
| #define HAVE_TERMIOS_H 1
| #define HAVE_SETJMP_H 1
| #define HAVE_ERRNO_H 1
| #define HAVE_PWD_H 1
| #define HAVE_SIGNAL_H 1
| #define HAVE_FCNTL_H 1
| #define HAVE_SGTTY_H 1
| #define HAVE_LOCALE_H 1
| #define HAVE_SYS_STAT_H 1
| #define HAVE_SYS_FILE_H 1
| #define HAVE_SYS_IOCTL_H 1
| #define HAVE_SYS_TIME_H 1
| /* end confdefs.h.  */
| #include <sys/ttold.h>
configure:7774: result: no
configure:7774: checking for sys/ttold.h
configure:7774: result: no
configure:7774: checking sys/param.h usability
configure:7774: gcc -c -g -O2  conftest.c >&5
configure:7774: $? = 0
configure:7774: result: yes
configure:7774: checking sys/param.h presence
configure:7774: gcc -E  conftest.c
configure:7774: $? = 0
configure:7774: result: yes
configure:7774: checking for sys/param.h
configure:7774: result: yes
configure:7774: checking for unistd.h
configure:7774: result: yes
configure:7774: checking posix1_lim.h usability
configure:7774: gcc -c -g -O2  conftest.c >&5
conftest.c:88:24: fatal error: posix1_lim.h: No such file or directory
compilation terminated.
configure:7774: $? = 1
configure: failed program was:
| /* confdefs.h */
| #define PACKAGE_NAME "minicom"
| #define PACKAGE_TARNAME "minicom"
| #define PACKAGE_VERSION "2.6.2"
| #define PACKAGE_STRING "minicom 2.6.2"
| #define PACKAGE_BUGREPORT "minicom-devel@lists.alioth.debian.org"
| #define PACKAGE_URL ""
| #define PACKAGE "minicom"
| #define VERSION "2.6.2"
| #define STDC_HEADERS 1
| #define HAVE_SYS_TYPES_H 1
| #define HAVE_SYS_STAT_H 1
| #define HAVE_STDLIB_H 1
| #define HAVE_STRING_H 1
| #define HAVE_MEMORY_H 1
| #define HAVE_STRINGS_H 1
| #define HAVE_INTTYPES_H 1
| #define HAVE_STDINT_H 1
| #define HAVE_UNISTD_H 1
| #define __EXTENSIONS__ 1
| #define _ALL_SOURCE 1
| #define _GNU_SOURCE 1
| #define _POSIX_PTHREAD_SEMANTICS 1
| #define _TANDEM_SOURCE 1
| #define HAVE_ICONV 1
| #define USE_SOCKET 1
| #define ENABLE_NLS 1
| #define HAVE_GETTEXT 1
| #define HAVE_DCGETTEXT 1
| #define KERMIT "/usr/bin/kermit -l %l -b %b"
| #define HAVE_TERMCAP_H 1
| #define HAVE_DIRENT_H 1
| #define STDC_HEADERS 1
| #define HAVE_SYS_WAIT_H 1
| #define TIME_WITH_SYS_TIME 1
| #define GWINSZ_IN_SYS_IOCTL 1
| #define POSIX_TERMIOS 1
| #define HAVE_STDARG_H 1
| #define HAVE_TERMIO_H 1
| #define HAVE_TERMIOS_H 1
| #define HAVE_SETJMP_H 1
| #define HAVE_ERRNO_H 1
| #define HAVE_PWD_H 1
| #define HAVE_SIGNAL_H 1
| #define HAVE_FCNTL_H 1
| #define HAVE_SGTTY_H 1
| #define HAVE_LOCALE_H 1
| #define HAVE_SYS_STAT_H 1
| #define HAVE_SYS_FILE_H 1
| #define HAVE_SYS_IOCTL_H 1
| #define HAVE_SYS_TIME_H 1
| #define HAVE_SYS_PARAM_H 1
| #define HAVE_UNISTD_H 1
| /* end confdefs.h.  */
| #include <stdio.h>
| #ifdef HAVE_SYS_TYPES_H
| # include <sys/types.h>
| #endif
| #ifdef HAVE_SYS_STAT_H
| # include <sys/stat.h>
| #endif
| #ifdef STDC_HEADERS
| # include <stdlib.h>
| # include <stddef.h>
| #else
| # ifdef HAVE_STDLIB_H
| #  include <stdlib.h>
| # endif
| #endif
| #ifdef HAVE_STRING_H
| # if !defined STDC_HEADERS && defined HAVE_MEMORY_H
| #  include <memory.h>
| # endif
| # include <string.h>
| #endif
| #ifdef HAVE_STRINGS_H
| # include <strings.h>
| #endif
| #ifdef HAVE_INTTYPES_H
| # include <inttypes.h>
| #endif
| #ifdef HAVE_STDINT_H
| # include <stdint.h>
| #endif
| #ifdef HAVE_UNISTD_H
| # include <unistd.h>
| #endif
| #include <posix1_lim.h>
configure:7774: result: no
configure:7774: checking posix1_lim.h presence
configure:7774: gcc -E  conftest.c
conftest.c:55:24: fatal error: posix1_lim.h: No such file or directory
compilation terminated.
configure:7774: $? = 1
configure: failed program was:
| /* confdefs.h */
| #define PACKAGE_NAME "minicom"
| #define PACKAGE_TARNAME "minicom"
| #define PACKAGE_VERSION "2.6.2"
| #define PACKAGE_STRING "minicom 2.6.2"
| #define PACKAGE_BUGREPORT "minicom-devel@lists.alioth.debian.org"
| #define PACKAGE_URL ""
| #define PACKAGE "minicom"
| #define VERSION "2.6.2"
| #define STDC_HEADERS 1
| #define HAVE_SYS_TYPES_H 1
| #define HAVE_SYS_STAT_H 1
| #define HAVE_STDLIB_H 1
| #define HAVE_STRING_H 1
| #define HAVE_MEMORY_H 1
| #define HAVE_STRINGS_H 1
| #define HAVE_INTTYPES_H 1
| #define HAVE_STDINT_H 1
| #define HAVE_UNISTD_H 1
| #define __EXTENSIONS__ 1
| #define _ALL_SOURCE 1
| #define _GNU_SOURCE 1
| #define _POSIX_PTHREAD_SEMANTICS 1
| #define _TANDEM_SOURCE 1
| #define HAVE_ICONV 1
| #define USE_SOCKET 1
| #define ENABLE_NLS 1
| #define HAVE_GETTEXT 1
| #define HAVE_DCGETTEXT 1
| #define KERMIT "/usr/bin/kermit -l %l -b %b"
| #define HAVE_TERMCAP_H 1
| #define HAVE_DIRENT_H 1
| #define STDC_HEADERS 1
| #define HAVE_SYS_WAIT_H 1
| #define TIME_WITH_SYS_TIME 1
| #define GWINSZ_IN_SYS_IOCTL 1
| #define POSIX_TERMIOS 1
| #define HAVE_STDARG_H 1
| #define HAVE_TERMIO_H 1
| #define HAVE_TERMIOS_H 1
| #define HAVE_SETJMP_H 1
| #define HAVE_ERRNO_H 1
| #define HAVE_PWD_H 1
| #define HAVE_SIGNAL_H 1
| #define HAVE_FCNTL_H 1
| #define HAVE_SGTTY_H 1
| #define HAVE_LOCALE_H 1
| #define HAVE_SYS_STAT_H 1
| #define HAVE_SYS_FILE_H 1
| #define HAVE_SYS_IOCTL_H 1
| #define HAVE_SYS_TIME_H 1
| #define HAVE_SYS_PARAM_H 1
| #define HAVE_UNISTD_H 1
| /* end confdefs.h.  */
| #include <posix1_lim.h>
configure:7774: result: no
configure:7774: checking for posix1_lim.h
configure:7774: result: no
configure:7774: checking for sgtty.h
configure:7774: result: yes
configure:7774: checking features.h usability
configure:7774: gcc -c -g -O2  conftest.c >&5
configure:7774: $? = 0
configure:7774: result: yes
configure:7774: checking features.h presence
configure:7774: gcc -E  conftest.c
configure:7774: $? = 0
configure:7774: result: yes
configure:7774: checking for features.h
configure:7774: result: yes
configure:7785: checking for an ANSI C-conforming const
configure:7851: gcc -c -g -O2  conftest.c >&5
configure:7851: $? = 0
configure:7858: result: yes
configure:7866: checking for uid_t in sys/types.h
configure:7885: result: yes
configure:7896: checking for mode_t
configure:7896: gcc -c -g -O2  conftest.c >&5
configure:7896: $? = 0
configure:7896: gcc -c -g -O2  conftest.c >&5
conftest.c: In function 'main':
conftest.c:93:21: error: expected expression before ')' token
 if (sizeof ((mode_t)))
                     ^
configure:7896: $? = 1
configure: failed program was:
| /* confdefs.h */
| #define PACKAGE_NAME "minicom"
| #define PACKAGE_TARNAME "minicom"
| #define PACKAGE_VERSION "2.6.2"
| #define PACKAGE_STRING "minicom 2.6.2"
| #define PACKAGE_BUGREPORT "minicom-devel@lists.alioth.debian.org"
| #define PACKAGE_URL ""
| #define PACKAGE "minicom"
| #define VERSION "2.6.2"
| #define STDC_HEADERS 1
| #define HAVE_SYS_TYPES_H 1
| #define HAVE_SYS_STAT_H 1
| #define HAVE_STDLIB_H 1
| #define HAVE_STRING_H 1
| #define HAVE_MEMORY_H 1
| #define HAVE_STRINGS_H 1
| #define HAVE_INTTYPES_H 1
| #define HAVE_STDINT_H 1
| #define HAVE_UNISTD_H 1
| #define __EXTENSIONS__ 1
| #define _ALL_SOURCE 1
| #define _GNU_SOURCE 1
| #define _POSIX_PTHREAD_SEMANTICS 1
| #define _TANDEM_SOURCE 1
| #define HAVE_ICONV 1
| #define USE_SOCKET 1
| #define ENABLE_NLS 1
| #define HAVE_GETTEXT 1
| #define HAVE_DCGETTEXT 1
| #define KERMIT "/usr/bin/kermit -l %l -b %b"
| #define HAVE_TERMCAP_H 1
| #define HAVE_DIRENT_H 1
| #define STDC_HEADERS 1
| #define HAVE_SYS_WAIT_H 1
| #define TIME_WITH_SYS_TIME 1
| #define GWINSZ_IN_SYS_IOCTL 1
| #define POSIX_TERMIOS 1
| #define HAVE_STDARG_H 1
| #define HAVE_TERMIO_H 1
| #define HAVE_TERMIOS_H 1
| #define HAVE_SETJMP_H 1
| #define HAVE_ERRNO_H 1
| #define HAVE_PWD_H 1
| #define HAVE_SIGNAL_H 1
| #define HAVE_FCNTL_H 1
| #define HAVE_SGTTY_H 1
| #define HAVE_LOCALE_H 1
| #define HAVE_SYS_STAT_H 1
| #define HAVE_SYS_FILE_H 1
| #define HAVE_SYS_IOCTL_H 1
| #define HAVE_SYS_TIME_H 1
| #define HAVE_SYS_PARAM_H 1
| #define HAVE_UNISTD_H 1
| #define HAVE_SGTTY_H 1
| #define HAVE_FEATURES_H 1
| /* end confdefs.h.  */
| #include <stdio.h>
| #ifdef HAVE_SYS_TYPES_H
| # include <sys/types.h>
| #endif
| #ifdef HAVE_SYS_STAT_H
| # include <sys/stat.h>
| #endif
| #ifdef STDC_HEADERS
| # include <stdlib.h>
| # include <stddef.h>
| #else
| # ifdef HAVE_STDLIB_H
| #  include <stdlib.h>
| # endif
| #endif
| #ifdef HAVE_STRING_H
| # if !defined STDC_HEADERS && defined HAVE_MEMORY_H
| #  include <memory.h>
| # endif
| # include <string.h>
| #endif
| #ifdef HAVE_STRINGS_H
| # include <strings.h>
| #endif
| #ifdef HAVE_INTTYPES_H
| # include <inttypes.h>
| #endif
| #ifdef HAVE_STDINT_H
| # include <stdint.h>
| #endif
| #ifdef HAVE_UNISTD_H
| # include <unistd.h>
| #endif
| int
| main ()
| {
| if (sizeof ((mode_t)))
| 	    return 0;
|   ;
|   return 0;
| }
configure:7896: result: yes
configure:7907: checking for pid_t
configure:7907: gcc -c -g -O2  conftest.c >&5
configure:7907: $? = 0
configure:7907: gcc -c -g -O2  conftest.c >&5
conftest.c: In function 'main':
conftest.c:93:20: error: expected expression before ')' token
 if (sizeof ((pid_t)))
                    ^
configure:7907: $? = 1
configure: failed program was:
| /* confdefs.h */
| #define PACKAGE_NAME "minicom"
| #define PACKAGE_TARNAME "minicom"
| #define PACKAGE_VERSION "2.6.2"
| #define PACKAGE_STRING "minicom 2.6.2"
| #define PACKAGE_BUGREPORT "minicom-devel@lists.alioth.debian.org"
| #define PACKAGE_URL ""
| #define PACKAGE "minicom"
| #define VERSION "2.6.2"
| #define STDC_HEADERS 1
| #define HAVE_SYS_TYPES_H 1
| #define HAVE_SYS_STAT_H 1
| #define HAVE_STDLIB_H 1
| #define HAVE_STRING_H 1
| #define HAVE_MEMORY_H 1
| #define HAVE_STRINGS_H 1
| #define HAVE_INTTYPES_H 1
| #define HAVE_STDINT_H 1
| #define HAVE_UNISTD_H 1
| #define __EXTENSIONS__ 1
| #define _ALL_SOURCE 1
| #define _GNU_SOURCE 1
| #define _POSIX_PTHREAD_SEMANTICS 1
| #define _TANDEM_SOURCE 1
| #define HAVE_ICONV 1
| #define USE_SOCKET 1
| #define ENABLE_NLS 1
| #define HAVE_GETTEXT 1
| #define HAVE_DCGETTEXT 1
| #define KERMIT "/usr/bin/kermit -l %l -b %b"
| #define HAVE_TERMCAP_H 1
| #define HAVE_DIRENT_H 1
| #define STDC_HEADERS 1
| #define HAVE_SYS_WAIT_H 1
| #define TIME_WITH_SYS_TIME 1
| #define GWINSZ_IN_SYS_IOCTL 1
| #define POSIX_TERMIOS 1
| #define HAVE_STDARG_H 1
| #define HAVE_TERMIO_H 1
| #define HAVE_TERMIOS_H 1
| #define HAVE_SETJMP_H 1
| #define HAVE_ERRNO_H 1
| #define HAVE_PWD_H 1
| #define HAVE_SIGNAL_H 1
| #define HAVE_FCNTL_H 1
| #define HAVE_SGTTY_H 1
| #define HAVE_LOCALE_H 1
| #define HAVE_SYS_STAT_H 1
| #define HAVE_SYS_FILE_H 1
| #define HAVE_SYS_IOCTL_H 1
| #define HAVE_SYS_TIME_H 1
| #define HAVE_SYS_PARAM_H 1
| #define HAVE_UNISTD_H 1
| #define HAVE_SGTTY_H 1
| #define HAVE_FEATURES_H 1
| /* end confdefs.h.  */
| #include <stdio.h>
| #ifdef HAVE_SYS_TYPES_H
| # include <sys/types.h>
| #endif
| #ifdef HAVE_SYS_STAT_H
| # include <sys/stat.h>
| #endif
| #ifdef STDC_HEADERS
| # include <stdlib.h>
| # include <stddef.h>
| #else
| # ifdef HAVE_STDLIB_H
| #  include <stdlib.h>
| # endif
| #endif
| #ifdef HAVE_STRING_H
| # if !defined STDC_HEADERS && defined HAVE_MEMORY_H
| #  include <memory.h>
| # endif
| # include <string.h>
| #endif
| #ifdef HAVE_STRINGS_H
| # include <strings.h>
| #endif
| #ifdef HAVE_INTTYPES_H
| # include <inttypes.h>
| #endif
| #ifdef HAVE_STDINT_H
| # include <stdint.h>
| #endif
| #ifdef HAVE_UNISTD_H
| # include <unistd.h>
| #endif
| int
| main ()
| {
| if (sizeof ((pid_t)))
| 	    return 0;
|   ;
|   return 0;
| }
configure:7907: result: yes
configure:7918: checking for size_t
configure:7918: gcc -c -g -O2  conftest.c >&5
configure:7918: $? = 0
configure:7918: gcc -c -g -O2  conftest.c >&5
conftest.c: In function 'main':
conftest.c:93:21: error: expected expression before ')' token
 if (sizeof ((size_t)))
                     ^
configure:7918: $? = 1
configure: failed program was:
| /* confdefs.h */
| #define PACKAGE_NAME "minicom"
| #define PACKAGE_TARNAME "minicom"
| #define PACKAGE_VERSION "2.6.2"
| #define PACKAGE_STRING "minicom 2.6.2"
| #define PACKAGE_BUGREPORT "minicom-devel@lists.alioth.debian.org"
| #define PACKAGE_URL ""
| #define PACKAGE "minicom"
| #define VERSION "2.6.2"
| #define STDC_HEADERS 1
| #define HAVE_SYS_TYPES_H 1
| #define HAVE_SYS_STAT_H 1
| #define HAVE_STDLIB_H 1
| #define HAVE_STRING_H 1
| #define HAVE_MEMORY_H 1
| #define HAVE_STRINGS_H 1
| #define HAVE_INTTYPES_H 1
| #define HAVE_STDINT_H 1
| #define HAVE_UNISTD_H 1
| #define __EXTENSIONS__ 1
| #define _ALL_SOURCE 1
| #define _GNU_SOURCE 1
| #define _POSIX_PTHREAD_SEMANTICS 1
| #define _TANDEM_SOURCE 1
| #define HAVE_ICONV 1
| #define USE_SOCKET 1
| #define ENABLE_NLS 1
| #define HAVE_GETTEXT 1
| #define HAVE_DCGETTEXT 1
| #define KERMIT "/usr/bin/kermit -l %l -b %b"
| #define HAVE_TERMCAP_H 1
| #define HAVE_DIRENT_H 1
| #define STDC_HEADERS 1
| #define HAVE_SYS_WAIT_H 1
| #define TIME_WITH_SYS_TIME 1
| #define GWINSZ_IN_SYS_IOCTL 1
| #define POSIX_TERMIOS 1
| #define HAVE_STDARG_H 1
| #define HAVE_TERMIO_H 1
| #define HAVE_TERMIOS_H 1
| #define HAVE_SETJMP_H 1
| #define HAVE_ERRNO_H 1
| #define HAVE_PWD_H 1
| #define HAVE_SIGNAL_H 1
| #define HAVE_FCNTL_H 1
| #define HAVE_SGTTY_H 1
| #define HAVE_LOCALE_H 1
| #define HAVE_SYS_STAT_H 1
| #define HAVE_SYS_FILE_H 1
| #define HAVE_SYS_IOCTL_H 1
| #define HAVE_SYS_TIME_H 1
| #define HAVE_SYS_PARAM_H 1
| #define HAVE_UNISTD_H 1
| #define HAVE_SGTTY_H 1
| #define HAVE_FEATURES_H 1
| /* end confdefs.h.  */
| #include <stdio.h>
| #ifdef HAVE_SYS_TYPES_H
| # include <sys/types.h>
| #endif
| #ifdef HAVE_SYS_STAT_H
| # include <sys/stat.h>
| #endif
| #ifdef STDC_HEADERS
| # include <stdlib.h>
| # include <stddef.h>
| #else
| # ifdef HAVE_STDLIB_H
| #  include <stdlib.h>
| # endif
| #endif
| #ifdef HAVE_STRING_H
| # if !defined STDC_HEADERS && defined HAVE_MEMORY_H
| #  include <memory.h>
| # endif
| # include <string.h>
| #endif
| #ifdef HAVE_STRINGS_H
| # include <strings.h>
| #endif
| #ifdef HAVE_INTTYPES_H
| # include <inttypes.h>
| #endif
| #ifdef HAVE_STDINT_H
| # include <stdint.h>
| #endif
| #ifdef HAVE_UNISTD_H
| # include <unistd.h>
| #endif
| int
| main ()
| {
| if (sizeof ((size_t)))
| 	    return 0;
|   ;
|   return 0;
| }
configure:7918: result: yes
configure:7929: checking whether struct tm is in sys/time.h or time.h
configure:7949: gcc -c -g -O2  conftest.c >&5
configure:7949: $? = 0
configure:7956: result: time.h
configure:7965: checking return type of signal handlers
configure:7983: gcc -c -g -O2  conftest.c >&5
conftest.c: In function 'main':
conftest.c:63:9: error: void value not ignored as it ought to be
 return *(signal (0, 0)) (0) == 1;
         ^
configure:7983: $? = 1
configure: failed program was:
| /* confdefs.h */
| #define PACKAGE_NAME "minicom"
| #define PACKAGE_TARNAME "minicom"
| #define PACKAGE_VERSION "2.6.2"
| #define PACKAGE_STRING "minicom 2.6.2"
| #define PACKAGE_BUGREPORT "minicom-devel@lists.alioth.debian.org"
| #define PACKAGE_URL ""
| #define PACKAGE "minicom"
| #define VERSION "2.6.2"
| #define STDC_HEADERS 1
| #define HAVE_SYS_TYPES_H 1
| #define HAVE_SYS_STAT_H 1
| #define HAVE_STDLIB_H 1
| #define HAVE_STRING_H 1
| #define HAVE_MEMORY_H 1
| #define HAVE_STRINGS_H 1
| #define HAVE_INTTYPES_H 1
| #define HAVE_STDINT_H 1
| #define HAVE_UNISTD_H 1
| #define __EXTENSIONS__ 1
| #define _ALL_SOURCE 1
| #define _GNU_SOURCE 1
| #define _POSIX_PTHREAD_SEMANTICS 1
| #define _TANDEM_SOURCE 1
| #define HAVE_ICONV 1
| #define USE_SOCKET 1
| #define ENABLE_NLS 1
| #define HAVE_GETTEXT 1
| #define HAVE_DCGETTEXT 1
| #define KERMIT "/usr/bin/kermit -l %l -b %b"
| #define HAVE_TERMCAP_H 1
| #define HAVE_DIRENT_H 1
| #define STDC_HEADERS 1
| #define HAVE_SYS_WAIT_H 1
| #define TIME_WITH_SYS_TIME 1
| #define GWINSZ_IN_SYS_IOCTL 1
| #define POSIX_TERMIOS 1
| #define HAVE_STDARG_H 1
| #define HAVE_TERMIO_H 1
| #define HAVE_TERMIOS_H 1
| #define HAVE_SETJMP_H 1
| #define HAVE_ERRNO_H 1
| #define HAVE_PWD_H 1
| #define HAVE_SIGNAL_H 1
| #define HAVE_FCNTL_H 1
| #define HAVE_SGTTY_H 1
| #define HAVE_LOCALE_H 1
| #define HAVE_SYS_STAT_H 1
| #define HAVE_SYS_FILE_H 1
| #define HAVE_SYS_IOCTL_H 1
| #define HAVE_SYS_TIME_H 1
| #define HAVE_SYS_PARAM_H 1
| #define HAVE_UNISTD_H 1
| #define HAVE_SGTTY_H 1
| #define HAVE_FEATURES_H 1
| /* end confdefs.h.  */
| #include <sys/types.h>
| #include <signal.h>
| 
| int
| main ()
| {
| return *(signal (0, 0)) (0) == 1;
|   ;
|   return 0;
| }
configure:7990: result: void
configure:7998: checking for error_at_line
configure:8014: gcc -o conftest -g -O2   conftest.c   -ltinfo >&5
configure:8014: $? = 0
configure:8022: result: yes
configure:8033: checking whether closedir returns void
configure:8057: gcc -o conftest -g -O2   conftest.c   -ltinfo >&5
configure:8057: $? = 0
configure:8057: ./conftest
configure:8057: $? = 0
configure:8067: result: no
configure:8075: checking if malloc debugging is wanted
configure:8093: result: no
configure:8101: checking for getcwd
configure:8101: gcc -o conftest -g -O2   conftest.c   -ltinfo >&5
configure:8101: $? = 0
configure:8101: result: yes
configure:8101: checking for getwd
configure:8101: gcc -o conftest -g -O2   conftest.c   -ltinfo >&5
/tmp/cc9OCPuG.o: In function `main':
/home/josef/git/minicom/conftest.c:93: warning: the `getwd' function is dangerous and should not be used.
configure:8101: $? = 0
configure:8101: result: yes
configure:8101: checking for memmove
configure:8101: gcc -o conftest -g -O2   conftest.c   -ltinfo >&5
conftest.c:83:6: warning: conflicting types for built-in function 'memmove'
 char memmove ();
      ^
configure:8101: $? = 0
configure:8101: result: yes
configure:8101: checking for strerror
configure:8101: gcc -o conftest -g -O2   conftest.c   -ltinfo >&5
configure:8101: $? = 0
configure:8101: result: yes
configure:8101: checking for strstr
configure:8101: gcc -o conftest -g -O2   conftest.c   -ltinfo >&5
conftest.c:85:6: warning: conflicting types for built-in function 'strstr'
 char strstr ();
      ^
configure:8101: $? = 0
configure:8101: result: yes
configure:8101: checking for vsnprintf
configure:8101: gcc -o conftest -g -O2   conftest.c   -ltinfo >&5
conftest.c:86:6: warning: conflicting types for built-in function 'vsnprintf'
 char vsnprintf ();
      ^
configure:8101: $? = 0
configure:8101: result: yes
configure:8101: checking for vprintf
configure:8101: gcc -o conftest -g -O2   conftest.c   -ltinfo >&5
conftest.c:87:6: warning: conflicting types for built-in function 'vprintf'
 char vprintf ();
      ^
configure:8101: $? = 0
configure:8101: result: yes
configure:8101: checking for select
configure:8101: gcc -o conftest -g -O2   conftest.c   -ltinfo >&5
configure:8101: $? = 0
configure:8101: result: yes
configure:8113: checking for snprintf
configure:8113: gcc -o conftest -g -O2   conftest.c   -ltinfo >&5
conftest.c:89:6: warning: conflicting types for built-in function 'snprintf'
 char snprintf ();
      ^
configure:8113: $? = 0
configure:8113: result: yes
configure:8126: checking for usleep
configure:8126: gcc -o conftest -g -O2   conftest.c   -ltinfo >&5
configure:8126: $? = 0
configure:8126: result: yes
configure:8139: checking for getopt
configure:8139: gcc -o conftest -g -O2   conftest.c   -ltinfo >&5
configure:8139: $? = 0
configure:8139: result: yes
configure:8152: checking for getopt_long
configure:8152: gcc -o conftest -g -O2   conftest.c   -ltinfo >&5
configure:8152: $? = 0
configure:8152: result: yes
configure:8167: checking for long file names
configure:8199: result: yes
configure:8209: checking for com line lock directory
configure:8233: result: /var/lock
configure:8252: checking for default serial port device
configure:8276: result: /dev/ttyS1
configure:8302: checking for default baud rate
configure:8316: result: 115200
configure:8480: creating ./config.status

## ---------------- ##
## Cache variables. ##
## ---------------- ##

ac_cv_build=x86_64-unknown-linux-gnu
ac_cv_c_compiler_gnu=yes
ac_cv_c_const=yes
ac_cv_env_CC_set=
ac_cv_env_CC_value=
ac_cv_env_CFLAGS_set=
ac_cv_env_CFLAGS_value=
ac_cv_env_CPPFLAGS_set=
ac_cv_env_CPPFLAGS_value=
ac_cv_env_CPP_set=
ac_cv_env_CPP_value=
ac_cv_env_LDFLAGS_set=
ac_cv_env_LDFLAGS_value=
ac_cv_env_LIBS_set=
ac_cv_env_LIBS_value=
ac_cv_env_LOCKDEV_CFLAGS_set=
ac_cv_env_LOCKDEV_CFLAGS_value=
ac_cv_env_LOCKDEV_LIBS_set=
ac_cv_env_LOCKDEV_LIBS_value=
ac_cv_env_PKG_CONFIG_LIBDIR_set=
ac_cv_env_PKG_CONFIG_LIBDIR_value=
ac_cv_env_PKG_CONFIG_PATH_set=
ac_cv_env_PKG_CONFIG_PATH_value=
ac_cv_env_PKG_CONFIG_set=
ac_cv_env_PKG_CONFIG_value=
ac_cv_env_build_alias_set=
ac_cv_env_build_alias_value=
ac_cv_env_host_alias_set=
ac_cv_env_host_alias_value=
ac_cv_env_target_alias_set=
ac_cv_env_target_alias_value=
ac_cv_func_closedir_void=no
ac_cv_func_getcwd=yes
ac_cv_func_getopt=yes
ac_cv_func_getopt_long=yes
ac_cv_func_getwd=yes
ac_cv_func_memmove=yes
ac_cv_func_select=yes
ac_cv_func_snprintf=yes
ac_cv_func_strerror=yes
ac_cv_func_strstr=yes
ac_cv_func_usleep=yes
ac_cv_func_vprintf=yes
ac_cv_func_vsnprintf=yes
ac_cv_header_dirent_dirent_h=yes
ac_cv_header_errno_h=yes
ac_cv_header_fcntl_h=yes
ac_cv_header_features_h=yes
ac_cv_header_inttypes_h=yes
ac_cv_header_locale_h=yes
ac_cv_header_memory_h=yes
ac_cv_header_minix_config_h=no
ac_cv_header_posix1_lim_h=no
ac_cv_header_pwd_h=yes
ac_cv_header_setjmp_h=yes
ac_cv_header_sgtty_h=yes
ac_cv_header_signal_h=yes
ac_cv_header_stat_broken=no
ac_cv_header_stdarg_h=yes
ac_cv_header_stdc=yes
ac_cv_header_stdint_h=yes
ac_cv_header_stdlib_h=yes
ac_cv_header_string_h=yes
ac_cv_header_strings_h=yes
ac_cv_header_sys_file_h=yes
ac_cv_header_sys_ioctl_h=yes
ac_cv_header_sys_param_h=yes
ac_cv_header_sys_stat_h=yes
ac_cv_header_sys_time_h=yes
ac_cv_header_sys_ttold_h=no
ac_cv_header_sys_types_h=yes
ac_cv_header_sys_wait_h=yes
ac_cv_header_termcap_h=yes
ac_cv_header_termio_h=yes
ac_cv_header_termios_h=yes
ac_cv_header_time=yes
ac_cv_header_unistd_h=yes
ac_cv_header_varargs_h=no
ac_cv_host=x86_64-unknown-linux-gnu
ac_cv_lib_error_at_line=yes
ac_cv_lib_socket_socket=no
ac_cv_lib_tinfo___tputs=yes
ac_cv_objext=o
ac_cv_path_EGREP='/bin/grep -E'
ac_cv_path_GMSGFMT=/usr/bin/msgfmt
ac_cv_path_GREP=/bin/grep
ac_cv_path_MSGFMT=/usr/bin/msgfmt
ac_cv_path_MSGMERGE=/usr/bin/msgmerge
ac_cv_path_PATH_KERMIT=/usr/bin/kermit
ac_cv_path_XGETTEXT=/usr/bin/xgettext
ac_cv_path_ac_pt_PKG_CONFIG=/usr/bin/pkg-config
ac_cv_path_install='/usr/bin/install -c'
ac_cv_path_mkdir=/bin/mkdir
ac_cv_prog_AWK=gawk
ac_cv_prog_CPP='gcc -E'
ac_cv_prog_ac_ct_CC=gcc
ac_cv_prog_ac_ct_RANLIB=ranlib
ac_cv_prog_cc_c89=
ac_cv_prog_cc_g=yes
ac_cv_prog_make_make_set=yes
ac_cv_safe_to_define___extensions__=yes
ac_cv_search_opendir='none required'
ac_cv_search_strerror='none required'
ac_cv_struct_tm=time.h
ac_cv_sys_long_file_names=yes
ac_cv_sys_posix_termios=yes
ac_cv_sys_tiocgwinsz_in_sys_ioctl_h=yes
ac_cv_sys_tiocgwinsz_in_termios_h=no
ac_cv_type_mode_t=yes
ac_cv_type_pid_t=yes
ac_cv_type_signal=void
ac_cv_type_size_t=yes
ac_cv_type_uid_t=yes
acl_cv_hardcode_direct=no
acl_cv_hardcode_libdir_flag_spec='${wl}-rpath ${wl}$libdir'
acl_cv_hardcode_libdir_separator=
acl_cv_hardcode_minus_L=no
acl_cv_libext=a
acl_cv_path_LD=/usr/bin/ld
acl_cv_prog_gnu_ld=yes
acl_cv_rpath=done
acl_cv_shlibext=so
acl_cv_wl=-Wl,
am_cv_CC_dependencies_compiler_type=gcc3
am_cv_func_iconv=yes
am_cv_func_iconv_works=yes
am_cv_lib_iconv=no
gt_cv_func_CFLocaleCopyCurrent=no
gt_cv_func_CFPreferencesCopyAppValue=no
gt_cv_func_gnugettext1_libc=yes

## ----------------- ##
## Output variables. ##
## ----------------- ##

ACLOCAL='${SHELL} /home/josef/git/minicom/missing --run aclocal-1.11'
AMDEPBACKSLASH='\'
AMDEP_FALSE='#'
AMDEP_TRUE=''
AMTAR='$${TAR-tar}'
AUTOCONF='${SHELL} /home/josef/git/minicom/missing --run autoconf'
AUTOHEADER='${SHELL} /home/josef/git/minicom/missing --run autoheader'
AUTOMAKE='${SHELL} /home/josef/git/minicom/missing --run automake-1.11'
AWK='gawk'
CC='gcc'
CCDEPMODE='depmode=gcc3'
CFLAGS='-g -O2 -W -Wall -Wextra -std=gnu99'
CPP='gcc -E'
CPPFLAGS=''
CYGPATH_W='echo'
DEFS='-DHAVE_CONFIG_H'
DEPDIR='.deps'
ECHO_C=''
ECHO_N='-n'
ECHO_T=''
EGREP='/bin/grep -E'
EXEEXT=''
GETTEXT_MACRO_VERSION='0.18'
GMSGFMT='/usr/bin/msgfmt'
GMSGFMT_015='/usr/bin/msgfmt'
GREP='/bin/grep'
INSTALL_DATA='${INSTALL} -m 644'
INSTALL_PROGRAM='${INSTALL}'
INSTALL_SCRIPT='${INSTALL}'
INSTALL_STRIP_PROGRAM='$(install_sh) -c -s'
INTLLIBS=''
INTL_MACOSX_LIBS=''
KEYSERV=''
LDFLAGS=''
LIBICONV=''
LIBINTL=''
LIBOBJS=''
LIBPORT_GETOPT_LONG_DEP=''
LIBS='  -ltinfo'
LOCKDEV_CFLAGS=''
LOCKDEV_LIBS=''
LTLIBICONV=''
LTLIBINTL=''
LTLIBOBJS=''
MAKEINFO='${SHELL} /home/josef/git/minicom/missing --run makeinfo'
MINICOM_CONFDIR='${prefix}/etc'
MKDIR_P='/bin/mkdir -p'
MSGFMT='/usr/bin/msgfmt'
MSGFMT_015='/usr/bin/msgfmt'
MSGMERGE='/usr/bin/msgmerge'
OBJEXT='o'
PACKAGE='minicom'
PACKAGE_BUGREPORT='minicom-devel@lists.alioth.debian.org'
PACKAGE_NAME='minicom'
PACKAGE_STRING='minicom 2.6.2'
PACKAGE_TARNAME='minicom'
PACKAGE_URL=''
PACKAGE_VERSION='2.6.2'
PATH_KERMIT='/usr/bin/kermit'
PATH_SEPARATOR=':'
PKG_CONFIG='/usr/bin/pkg-config'
PKG_CONFIG_LIBDIR=''
PKG_CONFIG_PATH=''
POSUB='po'
RANLIB='ranlib'
SET_MAKE=''
SHELL='/bin/bash'
STRIP=''
USE_NLS='yes'
VERSION='2.6.2'
XGETTEXT='/usr/bin/xgettext'
XGETTEXT_015='/usr/bin/xgettext'
XGETTEXT_EXTRA_OPTIONS=''
ac_ct_CC='gcc'
am__EXEEXT_FALSE=''
am__EXEEXT_TRUE='#'
am__fastdepCC_FALSE='#'
am__fastdepCC_TRUE=''
am__include='include'
am__isrc=''
am__leading_dot='.'
am__nodep='_no'
am__quote=''
am__tar='$${TAR-tar} chof - "$$tardir"'
am__untar='$${TAR-tar} xf -'
bindir='${exec_prefix}/bin'
build='x86_64-unknown-linux-gnu'
build_alias=''
build_cpu='x86_64'
build_os='linux-gnu'
build_vendor='unknown'
datadir='${datarootdir}'
datarootdir='${prefix}/share'
docdir='${datarootdir}/doc/${PACKAGE_TARNAME}'
dvidir='${docdir}'
exec_prefix='${prefix}'
host='x86_64-unknown-linux-gnu'
host_alias=''
host_cpu='x86_64'
host_os='linux-gnu'
host_vendor='unknown'
htmldir='${docdir}'
includedir='${prefix}/include'
infodir='${datarootdir}/info'
install_sh='${SHELL} /home/josef/git/minicom/install-sh'
libdir='${exec_prefix}/lib'
libexecdir='${exec_prefix}/libexec'
localedir='${datarootdir}/locale'
localstatedir='${prefix}/var'
mandir='${datarootdir}/man'
mkdir_p='/bin/mkdir -p'
oldincludedir='/usr/include'
pdfdir='${docdir}'
prefix='/usr/local'
program_transform_name='s,x,x,'
psdir='${docdir}'
runstatedir='${localstatedir}/run'
sbindir='${exec_prefix}/sbin'
sharedstatedir='${prefix}/com'
sysconfdir='${prefix}/etc'
target_alias=''

## ----------- ##
## confdefs.h. ##
## ----------- ##

/* confdefs.h */
#define PACKAGE_NAME "minicom"
#define PACKAGE_TARNAME "minicom"
#define PACKAGE_VERSION "2.6.2"
#define PACKAGE_STRING "minicom 2.6.2"
#define PACKAGE_BUGREPORT "minicom-devel@lists.alioth.debian.org"
#define PACKAGE_URL ""
#define PACKAGE "minicom"
#define VERSION "2.6.2"
#define STDC_HEADERS 1
#define HAVE_SYS_TYPES_H 1
#define HAVE_SYS_STAT_H 1
#define HAVE_STDLIB_H 1
#define HAVE_STRING_H 1
#define HAVE_MEMORY_H 1
#define HAVE_STRINGS_H 1
#define HAVE_INTTYPES_H 1
#define HAVE_STDINT_H 1
#define HAVE_UNISTD_H 1
#define __EXTENSIONS__ 1
#define _ALL_SOURCE 1
#define _GNU_SOURCE 1
#define _POSIX_PTHREAD_SEMANTICS 1
#define _TANDEM_SOURCE 1
#define HAVE_ICONV 1
#define USE_SOCKET 1
#define ENABLE_NLS 1
#define HAVE_GETTEXT 1
#define HAVE_DCGETTEXT 1
#define KERMIT "/usr/bin/kermit -l %l -b %b"
#define HAVE_TERMCAP_H 1
#define HAVE_DIRENT_H 1
#define STDC_HEADERS 1
#define HAVE_SYS_WAIT_H 1
#define TIME_WITH_SYS_TIME 1
#define GWINSZ_IN_SYS_IOCTL 1
#define POSIX_TERMIOS 1
#define HAVE_STDARG_H 1
#define HAVE_TERMIO_H 1
#define HAVE_TERMIOS_H 1
#define HAVE_SETJMP_H 1
#define HAVE_ERRNO_H 1
#define HAVE_PWD_H 1
#define HAVE_SIGNAL_H 1
#define HAVE_FCNTL_H 1
#define HAVE_SGTTY_H 1
#define HAVE_LOCALE_H 1
#define HAVE_SYS_STAT_H 1
#define HAVE_SYS_FILE_H 1
#define HAVE_SYS_IOCTL_H 1
#define HAVE_SYS_TIME_H 1
#define HAVE_SYS_PARAM_H 1
#define HAVE_UNISTD_H 1
#define HAVE_SGTTY_H 1
#define HAVE_FEATURES_H 1
#define RETSIGTYPE void
#define HAVE_GETCWD 1
#define HAVE_GETWD 1
#define HAVE_MEMMOVE 1
#define HAVE_STRERROR 1
#define HAVE_STRSTR 1
#define HAVE_VSNPRINTF 1
#define HAVE_VPRINTF 1
#define HAVE_SELECT 1
#define HAVE_SNPRINTF 1
#define HAVE_USLEEP 1
#define HAVE_GETOPT 1
#define HAVE_GETOPT_LONG 1
#define HAVE_LONG_FILE_NAMES 1
#define UUCPLOCK "/var/lock"
#define DFL_PORT "/dev/ttyS1"
#define DEF_BAUD "115200"

configure: exit 0

## ---------------------- ##
## Running config.status. ##
## ---------------------- ##

This file was extended by minicom config.status 2.6.2, which was
generated by GNU Autoconf 2.69.  Invocation command line was

  CONFIG_FILES    = 
  CONFIG_HEADERS  = 
  CONFIG_LINKS    = 
  CONFIG_COMMANDS = 
  $ ./config.status 

on firefly.moellers.local

config.status:956: creating Makefile
config.status:956: creating doc/Makefile
config.status:956: creating extras/Makefile
config.status:956: creating extras/linux/Makefile
config.status:956: creating extras/tables/Makefile
config.status:956: creating extras/termcap/Makefile
config.status:956: creating extras/terminfo/Makefile
config.status:956: creating man/Makefile
config.status:956: creating lib/Makefile
config.status:956: creating src/Makefile
config.status:956: creating po/Makefile.in
config.status:956: creating minicom.spec
config.status:956: creating config.h
config.status:1137: config.h is unchanged
config.status:1185: executing depfiles commands
config.status:1185: executing po-directories commands

## ---------------------- ##
## Running config.status. ##
## ---------------------- ##

This file was extended by minicom config.status 2.6.2, which was
generated by GNU Autoconf 2.69.  Invocation command line was

  CONFIG_FILES    = 
  CONFIG_HEADERS  = 
  CONFIG_LINKS    = 
  CONFIG_COMMANDS = 
  $ ./config.status config.h

on firefly.moellers.local

config.status:956: creating config.h
config.status:1137: config.h is unchanged
